[2025-11-13 01:01:58,625: INFO: main: Welcome to our custom log]
[2025-11-13 20:19:03,769: INFO: common: yaml file: config\config.yaml loaded successfully]
[2025-11-13 20:19:03,799: INFO: common: yaml file: params.yaml loaded successfully]
[2025-11-13 20:29:42,538: INFO: common: yaml file: config\config.yaml loaded successfully]
[2025-11-13 20:29:42,543: INFO: common: yaml file: params.yaml loaded successfully]
[2025-11-13 20:31:53,890: INFO: common: yaml file: config\config.yaml loaded successfully]
[2025-11-13 20:31:53,894: INFO: common: yaml file: params.yaml loaded successfully]
[2025-11-13 20:31:53,897: INFO: common: created directory at: artifacts]
[2025-11-13 20:32:18,963: INFO: common: yaml file: config\config.yaml loaded successfully]
[2025-11-13 20:32:18,967: INFO: common: yaml file: params.yaml loaded successfully]
[2025-11-13 20:32:18,969: INFO: common: created directory at: artifacts]
[2025-11-13 20:33:44,021: INFO: common: yaml file: config\config.yaml loaded successfully]
[2025-11-13 20:33:44,024: INFO: common: yaml file: params.yaml loaded successfully]
[2025-11-13 20:33:44,026: INFO: common: created directory at: artifacts]
[2025-11-13 20:33:44,028: INFO: common: created directory at: artifacts/data_ingestion]
[2025-11-13 20:39:10,609: INFO: common: yaml file: config\config.yaml loaded successfully]
[2025-11-13 20:39:10,614: INFO: common: yaml file: params.yaml loaded successfully]
[2025-11-13 20:39:10,616: INFO: common: created directory at: artifacts]
[2025-11-13 20:39:10,618: INFO: common: created directory at: artifacts/data_ingestion]
[2025-11-13 20:39:22,411: INFO: common: yaml file: config\config.yaml loaded successfully]
[2025-11-13 20:39:22,413: INFO: common: yaml file: params.yaml loaded successfully]
[2025-11-13 20:39:22,416: INFO: common: created directory at: artifacts]
[2025-11-13 20:39:22,418: INFO: common: created directory at: artifacts/data_ingestion]
[2025-11-13 20:45:08,445: INFO: common: yaml file: config\config.yaml loaded successfully]
[2025-11-13 20:45:08,467: INFO: common: yaml file: params.yaml loaded successfully]
[2025-11-13 20:45:08,476: INFO: common: created directory at: artifacts]
[2025-11-13 20:45:08,481: INFO: common: created directory at: artifacts/data_ingestion]
[2025-11-13 20:46:16,069: INFO: common: yaml file: config\config.yaml loaded successfully]
[2025-11-13 20:46:16,072: INFO: common: yaml file: params.yaml loaded successfully]
[2025-11-13 20:46:16,074: INFO: common: created directory at: artifacts]
[2025-11-13 20:46:16,076: INFO: common: created directory at: artifacts/data_ingestion]
[2025-11-13 20:46:20,962: INFO: 3142441840: artifacts/data_ingestion/data.zip download! with following info: 
Connection: close
Content-Length: 7903594
Cache-Control: max-age=300
Content-Security-Policy: default-src 'none'; style-src 'unsafe-inline'; sandbox
Content-Type: application/zip
ETag: "dbc016a060da18070593b83afff580c9b300f0b6ea4147a7988433e04df246ca"
Strict-Transport-Security: max-age=31536000
X-Content-Type-Options: nosniff
X-Frame-Options: deny
X-XSS-Protection: 1; mode=block
X-GitHub-Request-Id: 644E:119EF6:2FD5BD:70B7DC:6915F641
Accept-Ranges: bytes
Date: Thu, 13 Nov 2025 15:16:18 GMT
Via: 1.1 varnish
X-Served-By: cache-maa10228-MAA
X-Cache: MISS
X-Cache-Hits: 0
X-Timer: S1763046978.005275,VS0,VE681
Vary: Authorization,Accept-Encoding
Access-Control-Allow-Origin: *
Cross-Origin-Resource-Policy: cross-origin
X-Fastly-Request-ID: f9fde1a8ef57f09d5c34f9c2246ed735c50968f9
Expires: Thu, 13 Nov 2025 15:21:18 GMT
Source-Age: 0

]
[2025-11-13 20:46:58,189: INFO: common: yaml file: config\config.yaml loaded successfully]
[2025-11-13 20:46:58,194: INFO: common: yaml file: params.yaml loaded successfully]
[2025-11-13 20:46:58,196: INFO: common: created directory at: artifacts]
[2025-11-13 20:46:58,199: INFO: common: created directory at: artifacts/data_ingestion]
[2025-11-13 20:48:49,742: INFO: common: yaml file: config\config.yaml loaded successfully]
[2025-11-13 20:48:49,746: INFO: common: yaml file: params.yaml loaded successfully]
[2025-11-13 20:48:49,749: INFO: common: created directory at: artifacts]
[2025-11-13 20:48:49,751: INFO: common: created directory at: artifacts/data_ingestion]
[2025-11-13 20:48:49,756: INFO: 369037378: File already exists of size:~7718 KB]
[2025-11-13 20:49:25,158: INFO: common: yaml file: config\config.yaml loaded successfully]
[2025-11-13 20:49:25,161: INFO: common: yaml file: params.yaml loaded successfully]
[2025-11-13 20:49:25,164: INFO: common: created directory at: artifacts]
[2025-11-13 20:49:25,166: INFO: common: created directory at: artifacts/data_ingestion]
[2025-11-13 20:49:25,168: INFO: 2735249215: File already exists of size:~7718 KB]
[2025-11-13 20:52:00,320: INFO: common: yaml file: config\config.yaml loaded successfully]
[2025-11-13 20:52:00,323: INFO: common: yaml file: params.yaml loaded successfully]
[2025-11-13 20:52:00,326: INFO: common: created directory at: artifacts]
[2025-11-13 20:52:00,327: INFO: common: created directory at: artifacts/data_ingestion]
[2025-11-13 20:52:00,328: INFO: 2735249215: File already exists of size:~7718 KB]
[2025-11-13 21:27:00,355: INFO: main: >>>>> Data ingestion stage started <<<<<]
[2025-11-13 21:27:00,357: INFO: common: yaml file: config\config.yaml loaded successfully]
[2025-11-13 21:27:00,358: INFO: common: yaml file: params.yaml loaded successfully]
[2025-11-13 21:27:00,359: INFO: common: created directory at: artifacts]
[2025-11-13 21:27:00,359: INFO: common: created directory at: artifacts/data_ingestion]
[2025-11-13 21:27:05,135: INFO: data_ingestion: artifacts/data_ingestion/data.zip download! with following info: 
Connection: close
Content-Length: 7903594
Cache-Control: max-age=300
Content-Security-Policy: default-src 'none'; style-src 'unsafe-inline'; sandbox
Content-Type: application/zip
ETag: "dbc016a060da18070593b83afff580c9b300f0b6ea4147a7988433e04df246ca"
Strict-Transport-Security: max-age=31536000
X-Content-Type-Options: nosniff
X-Frame-Options: deny
X-XSS-Protection: 1; mode=block
X-GitHub-Request-Id: C3EC:3F5B19:E51E9:1B9F52:6915FFCE
Accept-Ranges: bytes
Date: Thu, 13 Nov 2025 15:57:03 GMT
Via: 1.1 varnish
X-Served-By: cache-maa10221-MAA
X-Cache: MISS
X-Cache-Hits: 0
X-Timer: S1763049422.483229,VS0,VE685
Vary: Authorization,Accept-Encoding
Access-Control-Allow-Origin: *
Cross-Origin-Resource-Policy: cross-origin
X-Fastly-Request-ID: e9eaf920730bb2f46fb0cdf7a9ee32a0275dfe83
Expires: Thu, 13 Nov 2025 16:02:03 GMT
Source-Age: 0

]
[2025-11-13 21:27:05,283: INFO: main: >>>>> stage Data ingestion stage completed <<<<<]
[2025-11-13 22:38:08,728: INFO: common: yaml file: config\config.yaml loaded successfully]
[2025-11-13 22:38:08,752: INFO: common: yaml file: params.yaml loaded successfully]
[2025-11-13 22:38:08,756: INFO: common: created directory at: artifacts]
[2025-11-13 22:42:48,927: INFO: common: yaml file: config\config.yaml loaded successfully]
[2025-11-13 22:42:48,930: INFO: common: yaml file: params.yaml loaded successfully]
[2025-11-13 22:42:48,932: INFO: common: created directory at: artifacts]
[2025-11-13 22:44:06,432: INFO: common: yaml file: config\config.yaml loaded successfully]
[2025-11-13 22:44:06,436: INFO: common: yaml file: params.yaml loaded successfully]
[2025-11-13 22:44:06,438: INFO: common: created directory at: artifacts]
[2025-11-13 22:44:06,440: INFO: common: created directory at: artifacts/data_validation]
[2025-11-13 22:45:25,136: INFO: common: yaml file: config\config.yaml loaded successfully]
[2025-11-13 22:45:25,140: INFO: common: yaml file: params.yaml loaded successfully]
[2025-11-13 22:45:25,143: INFO: common: created directory at: artifacts]
[2025-11-13 22:45:25,145: INFO: common: created directory at: artifacts/data_validation]
[2025-11-13 22:46:32,697: INFO: common: yaml file: config\config.yaml loaded successfully]
[2025-11-13 22:46:32,700: INFO: common: yaml file: params.yaml loaded successfully]
[2025-11-13 22:46:32,702: INFO: common: created directory at: artifacts]
[2025-11-13 22:46:32,704: INFO: common: created directory at: artifacts/data_validation]
[2025-11-13 22:59:41,657: INFO: main: >>>>> Data ingestion stage started <<<<<]
[2025-11-13 22:59:41,660: INFO: common: yaml file: config\config.yaml loaded successfully]
[2025-11-13 22:59:41,662: INFO: common: yaml file: params.yaml loaded successfully]
[2025-11-13 22:59:41,662: INFO: common: created directory at: artifacts]
[2025-11-13 22:59:41,663: INFO: common: created directory at: artifacts/data_ingestion]
[2025-11-13 22:59:47,082: INFO: data_ingestion: artifacts/data_ingestion/data.zip download! with following info: 
Connection: close
Content-Length: 7903594
Cache-Control: max-age=300
Content-Security-Policy: default-src 'none'; style-src 'unsafe-inline'; sandbox
Content-Type: application/zip
ETag: "dbc016a060da18070593b83afff580c9b300f0b6ea4147a7988433e04df246ca"
Strict-Transport-Security: max-age=31536000
X-Content-Type-Options: nosniff
X-Frame-Options: deny
X-XSS-Protection: 1; mode=block
X-GitHub-Request-Id: 42BF:12687D:31DBA1:75C03E:69161587
Accept-Ranges: bytes
Date: Thu, 13 Nov 2025 17:29:44 GMT
Via: 1.1 varnish
X-Served-By: cache-maa10226-MAA
X-Cache: MISS
X-Cache-Hits: 0
X-Timer: S1763054984.804846,VS0,VE527
Vary: Authorization,Accept-Encoding
Access-Control-Allow-Origin: *
Cross-Origin-Resource-Policy: cross-origin
X-Fastly-Request-ID: f595294cf841fe430ef8e3af8c855d079322da58
Expires: Thu, 13 Nov 2025 17:34:44 GMT
Source-Age: 0

]
[2025-11-13 22:59:47,358: INFO: main: >>>>> stage Data ingestion stage completed <<<<<]
[2025-11-13 22:59:47,359: INFO: main: >>>>> Data Validation stage started <<<<<]
[2025-11-13 22:59:47,362: INFO: common: yaml file: config\config.yaml loaded successfully]
[2025-11-13 22:59:47,363: INFO: common: yaml file: params.yaml loaded successfully]
[2025-11-13 22:59:47,364: INFO: common: created directory at: artifacts]
[2025-11-13 22:59:47,366: INFO: common: created directory at: artifacts/data_validation]
[2025-11-13 22:59:47,370: INFO: main: >>>>> stage Data Validation stage completed <<<<<]
[2025-11-13 23:25:35,935: INFO: config: PyTorch version 2.9.1+cpu available.]
[2025-11-13 23:46:01,408: INFO: common: yaml file: config\config.yaml loaded successfully]
[2025-11-13 23:46:01,464: INFO: common: yaml file: params.yaml loaded successfully]
[2025-11-13 23:46:01,475: INFO: common: created directory at: artifacts]
[2025-11-13 23:46:01,480: INFO: common: created directory at: artifacts/data_transformation]
[2025-11-13 23:48:37,872: INFO: common: yaml file: config\config.yaml loaded successfully]
[2025-11-13 23:48:37,880: INFO: common: yaml file: params.yaml loaded successfully]
[2025-11-13 23:48:37,883: INFO: common: created directory at: artifacts]
[2025-11-13 23:48:37,886: INFO: common: created directory at: artifacts/data_transformation]
[2025-11-13 23:50:13,337: INFO: common: yaml file: config\config.yaml loaded successfully]
[2025-11-13 23:50:13,341: INFO: common: yaml file: params.yaml loaded successfully]
[2025-11-13 23:50:13,343: INFO: common: created directory at: artifacts]
[2025-11-13 23:50:13,346: INFO: common: created directory at: artifacts/data_transformation]
[2025-11-13 23:50:18,821: INFO: common: yaml file: config\config.yaml loaded successfully]
[2025-11-13 23:50:18,824: INFO: common: yaml file: params.yaml loaded successfully]
[2025-11-13 23:50:18,827: INFO: common: created directory at: artifacts]
[2025-11-13 23:50:18,829: INFO: common: created directory at: artifacts/data_transformation]
[2025-11-13 23:52:01,663: INFO: common: yaml file: config\config.yaml loaded successfully]
[2025-11-13 23:52:01,667: INFO: common: yaml file: params.yaml loaded successfully]
[2025-11-13 23:52:01,670: INFO: common: created directory at: artifacts]
[2025-11-13 23:52:01,672: INFO: common: created directory at: artifacts/data_transformation]
[2025-11-13 23:52:41,997: INFO: common: yaml file: config\config.yaml loaded successfully]
[2025-11-13 23:52:42,000: INFO: common: yaml file: params.yaml loaded successfully]
[2025-11-13 23:52:42,003: INFO: common: created directory at: artifacts]
[2025-11-13 23:52:42,005: INFO: common: created directory at: artifacts/data_transformation]
[2025-11-13 23:52:50,171: INFO: common: yaml file: config\config.yaml loaded successfully]
[2025-11-13 23:52:50,175: INFO: common: yaml file: params.yaml loaded successfully]
[2025-11-13 23:52:50,178: INFO: common: created directory at: artifacts]
[2025-11-13 23:52:50,181: INFO: common: created directory at: artifacts/data_transformation]
[2025-11-13 23:52:59,839: INFO: common: yaml file: config\config.yaml loaded successfully]
[2025-11-13 23:52:59,842: INFO: common: yaml file: params.yaml loaded successfully]
[2025-11-13 23:52:59,845: INFO: common: created directory at: artifacts]
[2025-11-13 23:52:59,846: INFO: common: created directory at: artifacts/data_transformation]
[2025-11-13 23:57:01,120: INFO: common: yaml file: config\config.yaml loaded successfully]
[2025-11-13 23:57:01,134: INFO: common: yaml file: params.yaml loaded successfully]
[2025-11-13 23:57:01,142: INFO: common: created directory at: artifacts]
[2025-11-13 23:57:01,144: INFO: common: created directory at: artifacts/data_transformation]
[2025-11-13 23:58:13,707: INFO: common: yaml file: config\config.yaml loaded successfully]
[2025-11-13 23:58:13,711: INFO: common: yaml file: params.yaml loaded successfully]
[2025-11-13 23:58:13,713: INFO: common: created directory at: artifacts]
[2025-11-13 23:58:13,714: INFO: common: created directory at: artifacts/data_transformation]
[2025-11-13 23:58:25,692: INFO: common: yaml file: config\config.yaml loaded successfully]
[2025-11-13 23:58:25,696: INFO: common: yaml file: params.yaml loaded successfully]
[2025-11-13 23:58:25,698: INFO: common: created directory at: artifacts]
[2025-11-13 23:58:25,701: INFO: common: created directory at: artifacts/data_transformation]
[2025-11-14 00:00:42,639: INFO: common: yaml file: config\config.yaml loaded successfully]
[2025-11-14 00:00:42,644: INFO: common: yaml file: params.yaml loaded successfully]
[2025-11-14 00:00:42,647: INFO: common: created directory at: artifacts]
[2025-11-14 00:00:42,649: INFO: common: created directory at: artifacts/data_transformation]
[2025-11-14 00:01:09,327: INFO: common: yaml file: config\config.yaml loaded successfully]
[2025-11-14 00:01:09,330: INFO: common: yaml file: params.yaml loaded successfully]
[2025-11-14 00:01:09,332: INFO: common: created directory at: artifacts]
[2025-11-14 00:01:09,335: INFO: common: created directory at: artifacts/data_transformation]
[2025-11-14 00:01:51,280: INFO: common: yaml file: config\config.yaml loaded successfully]
[2025-11-14 00:01:51,284: INFO: common: yaml file: params.yaml loaded successfully]
[2025-11-14 00:01:51,287: INFO: common: created directory at: artifacts]
[2025-11-14 00:01:51,290: INFO: common: created directory at: artifacts/data_transformation]
[2025-11-14 00:02:59,757: INFO: common: yaml file: config\config.yaml loaded successfully]
[2025-11-14 00:02:59,761: INFO: common: yaml file: params.yaml loaded successfully]
[2025-11-14 00:02:59,763: INFO: common: created directory at: artifacts]
[2025-11-14 00:02:59,765: INFO: common: created directory at: artifacts/data_transformation]
[2025-11-14 00:23:07,353: INFO: config: PyTorch version 2.9.1+cpu available.]
[2025-11-14 00:23:09,512: INFO: main: >>>>> Data ingestion stage started <<<<<]
[2025-11-14 00:23:09,516: INFO: common: yaml file: config\config.yaml loaded successfully]
[2025-11-14 00:23:09,518: INFO: common: yaml file: params.yaml loaded successfully]
[2025-11-14 00:23:09,519: INFO: common: created directory at: artifacts]
[2025-11-14 00:23:09,519: INFO: common: created directory at: artifacts/data_ingestion]
[2025-11-14 00:23:13,171: INFO: data_ingestion: artifacts/data_ingestion/data.zip download! with following info: 
Connection: close
Content-Length: 7903594
Cache-Control: max-age=300
Content-Security-Policy: default-src 'none'; style-src 'unsafe-inline'; sandbox
Content-Type: application/zip
ETag: "dbc016a060da18070593b83afff580c9b300f0b6ea4147a7988433e04df246ca"
Strict-Transport-Security: max-age=31536000
X-Content-Type-Options: nosniff
X-Frame-Options: deny
X-XSS-Protection: 1; mode=block
X-GitHub-Request-Id: 2E84:FCC4F:117620:22BAD7:69162916
Accept-Ranges: bytes
Date: Thu, 13 Nov 2025 18:53:12 GMT
Via: 1.1 varnish
X-Served-By: cache-maa10242-MAA
X-Cache: MISS
X-Cache-Hits: 0
X-Timer: S1763059991.470237,VS0,VE653
Vary: Authorization,Accept-Encoding
Access-Control-Allow-Origin: *
Cross-Origin-Resource-Policy: cross-origin
X-Fastly-Request-ID: b540d8ef7cf13c46cd1e0b3dcfa21892f2083035
Expires: Thu, 13 Nov 2025 18:58:12 GMT
Source-Age: 0

]
[2025-11-14 00:23:13,820: INFO: main: >>>>> stage Data ingestion stage completed <<<<<]
[2025-11-14 00:23:13,823: INFO: main: >>>>> Data Validation stage started <<<<<]
[2025-11-14 00:23:13,832: INFO: common: yaml file: config\config.yaml loaded successfully]
[2025-11-14 00:23:13,835: INFO: common: yaml file: params.yaml loaded successfully]
[2025-11-14 00:23:13,836: INFO: common: created directory at: artifacts]
[2025-11-14 00:23:13,838: INFO: common: created directory at: artifacts/data_validation]
[2025-11-14 00:23:13,855: INFO: main: >>>>> stage Data Validation stage completed <<<<<]
[2025-11-14 00:23:13,857: INFO: main: >>>>> Data Validation stage started <<<<<]
[2025-11-14 00:23:13,865: INFO: common: yaml file: config\config.yaml loaded successfully]
[2025-11-14 00:23:13,870: INFO: common: yaml file: params.yaml loaded successfully]
[2025-11-14 00:23:13,876: INFO: common: created directory at: artifacts]
[2025-11-14 00:23:13,878: INFO: common: created directory at: artifacts/data_transformation]
[2025-11-14 00:23:36,999: INFO: main: >>>>> stage Data Validation stage completed <<<<<]
[2025-11-14 01:03:58,203: INFO: config: PyTorch version 2.9.1+cpu available.]
[2025-11-14 09:40:59,469: INFO: config: PyTorch version 2.9.1+cpu available.]
[2025-11-14 10:12:46,208: INFO: common: yaml file: config\config.yaml loaded successfully]
[2025-11-14 10:12:46,223: INFO: common: yaml file: params.yaml loaded successfully]
[2025-11-14 10:12:46,225: INFO: common: created directory at: artifacts]
[2025-11-14 10:12:46,232: INFO: common: created directory at: artifacts/model_trainer]
[2025-11-14 10:13:39,582: INFO: common: yaml file: config\config.yaml loaded successfully]
[2025-11-14 10:13:39,587: INFO: common: yaml file: params.yaml loaded successfully]
[2025-11-14 10:13:39,590: INFO: common: created directory at: artifacts]
[2025-11-14 10:13:39,591: INFO: common: created directory at: artifacts/model_trainer]
[2025-11-14 10:13:44,716: WARNING: file_download: Xet Storage is enabled for this repo, but the 'hf_xet' package is not installed. Falling back to regular HTTP download. For better performance, install the package with: `pip install huggingface_hub[hf_xet]` or `pip install hf_xet`]
[2025-11-14 10:32:11,687: INFO: common: yaml file: config\config.yaml loaded successfully]
[2025-11-14 10:32:11,696: INFO: common: yaml file: params.yaml loaded successfully]
[2025-11-14 10:32:11,699: INFO: common: created directory at: artifacts]
[2025-11-14 10:32:11,701: INFO: common: created directory at: artifacts/model_trainer]
[2025-11-14 10:34:47,404: INFO: common: yaml file: config\config.yaml loaded successfully]
[2025-11-14 10:34:47,415: INFO: common: yaml file: params.yaml loaded successfully]
[2025-11-14 10:34:47,418: INFO: common: created directory at: artifacts]
[2025-11-14 10:34:47,423: INFO: common: created directory at: artifacts/model_trainer]
[2025-11-14 10:41:26,225: INFO: common: yaml file: config\config.yaml loaded successfully]
[2025-11-14 10:41:26,276: INFO: common: yaml file: params.yaml loaded successfully]
[2025-11-14 10:41:26,283: INFO: common: created directory at: artifacts]
[2025-11-14 10:41:26,289: INFO: common: created directory at: artifacts/model_trainer]
[2025-11-14 10:46:05,193: INFO: common: yaml file: config\config.yaml loaded successfully]
[2025-11-14 10:46:05,210: INFO: common: yaml file: params.yaml loaded successfully]
[2025-11-14 10:46:05,213: INFO: common: created directory at: artifacts]
[2025-11-14 10:46:05,218: INFO: common: created directory at: artifacts/model_trainer]
[2025-11-14 10:47:58,668: INFO: common: yaml file: config\config.yaml loaded successfully]
[2025-11-14 10:47:58,686: INFO: common: yaml file: params.yaml loaded successfully]
[2025-11-14 10:47:58,691: INFO: common: created directory at: artifacts]
[2025-11-14 10:47:58,697: INFO: common: created directory at: artifacts/model_trainer]
[2025-11-14 10:48:03,617: INFO: common: yaml file: config\config.yaml loaded successfully]
[2025-11-14 10:48:03,624: INFO: common: yaml file: params.yaml loaded successfully]
[2025-11-14 10:48:03,628: INFO: common: created directory at: artifacts]
[2025-11-14 10:48:03,631: INFO: common: created directory at: artifacts/model_trainer]
[2025-11-14 10:50:56,796: INFO: common: yaml file: config\config.yaml loaded successfully]
[2025-11-14 10:50:56,803: INFO: common: yaml file: params.yaml loaded successfully]
[2025-11-14 10:50:56,806: INFO: common: created directory at: artifacts]
[2025-11-14 10:50:56,807: INFO: common: created directory at: artifacts/model_trainer]
[2025-11-14 10:54:17,956: INFO: common: yaml file: config\config.yaml loaded successfully]
[2025-11-14 10:54:17,974: INFO: common: yaml file: params.yaml loaded successfully]
[2025-11-14 10:54:17,977: INFO: common: created directory at: artifacts]
[2025-11-14 10:54:17,979: INFO: common: created directory at: artifacts/model_trainer]
[2025-11-14 10:58:32,165: INFO: common: yaml file: config\config.yaml loaded successfully]
[2025-11-14 10:58:32,185: INFO: common: yaml file: params.yaml loaded successfully]
[2025-11-14 10:58:32,190: INFO: common: created directory at: artifacts]
[2025-11-14 10:58:32,193: INFO: common: created directory at: artifacts/model_trainer]
[2025-11-14 11:00:54,711: INFO: config: PyTorch version 2.9.1+cpu available.]
[2025-11-14 11:00:57,037: INFO: common: yaml file: config\config.yaml loaded successfully]
[2025-11-14 11:00:57,052: INFO: common: yaml file: params.yaml loaded successfully]
[2025-11-14 11:00:57,059: INFO: common: created directory at: artifacts]
[2025-11-14 11:00:57,064: INFO: common: created directory at: artifacts/model_trainer]
[2025-11-14 12:01:38,746: INFO: config: PyTorch version 2.9.1+cpu available.]
[2025-11-14 12:09:39,373: INFO: common: yaml file: config\config.yaml loaded successfully]
[2025-11-14 12:09:39,397: INFO: common: yaml file: params.yaml loaded successfully]
[2025-11-14 12:09:39,402: INFO: common: created directory at: artifacts]
[2025-11-14 12:09:39,405: INFO: common: created directory at: artifacts/model_trainer]
[2025-11-14 12:27:30,413: INFO: config: PyTorch version 2.9.1+cpu available.]
[2025-11-14 12:28:10,551: INFO: common: yaml file: config\config.yaml loaded successfully]
[2025-11-14 12:28:10,557: INFO: common: yaml file: params.yaml loaded successfully]
[2025-11-14 12:28:10,560: INFO: common: created directory at: artifacts]
[2025-11-14 12:28:10,561: INFO: common: created directory at: artifacts/model_trainer]
[2025-11-14 12:33:43,467: INFO: config: PyTorch version 2.9.1+cpu available.]
[2025-11-14 12:33:48,504: INFO: common: yaml file: config\config.yaml loaded successfully]
[2025-11-14 12:33:48,510: INFO: common: yaml file: params.yaml loaded successfully]
[2025-11-14 12:33:48,513: INFO: common: created directory at: artifacts]
[2025-11-14 12:33:48,515: INFO: common: created directory at: artifacts/model_trainer]
[2025-11-14 12:34:12,034: INFO: common: yaml file: config\config.yaml loaded successfully]
[2025-11-14 12:34:12,041: INFO: common: yaml file: params.yaml loaded successfully]
[2025-11-14 12:34:12,045: INFO: common: created directory at: artifacts]
[2025-11-14 12:34:12,048: INFO: common: created directory at: artifacts/model_trainer]
[2025-11-14 12:41:04,543: INFO: config: PyTorch version 2.9.1+cpu available.]
[2025-11-14 12:41:05,602: INFO: common: yaml file: config\config.yaml loaded successfully]
[2025-11-14 12:41:05,609: INFO: common: yaml file: params.yaml loaded successfully]
[2025-11-14 12:41:05,613: INFO: common: created directory at: artifacts]
[2025-11-14 12:41:05,617: INFO: common: created directory at: artifacts/model_trainer]
[2025-11-14 13:03:12,346: INFO: config: PyTorch version 2.9.1+cpu available.]
[2025-11-14 13:03:17,800: INFO: main: >>>>> Data ingestion stage started <<<<<]
[2025-11-14 13:03:19,184: INFO: common: yaml file: config\config.yaml loaded successfully]
[2025-11-14 13:03:19,189: INFO: common: yaml file: params.yaml loaded successfully]
[2025-11-14 13:03:19,192: INFO: common: created directory at: artifacts]
[2025-11-14 13:03:19,194: INFO: common: created directory at: artifacts/data_ingestion]
[2025-11-14 13:03:23,865: INFO: data_ingestion: artifacts/data_ingestion/data.zip download! with following info: 
Connection: close
Content-Length: 7903594
Cache-Control: max-age=300
Content-Security-Policy: default-src 'none'; style-src 'unsafe-inline'; sandbox
Content-Type: application/zip
ETag: "dbc016a060da18070593b83afff580c9b300f0b6ea4147a7988433e04df246ca"
Strict-Transport-Security: max-age=31536000
X-Content-Type-Options: nosniff
X-Frame-Options: deny
X-XSS-Protection: 1; mode=block
X-GitHub-Request-Id: 9513:E4DA9:21FE64:508298:6916DB3F
Accept-Ranges: bytes
Date: Fri, 14 Nov 2025 07:33:20 GMT
Via: 1.1 varnish
X-Served-By: cache-maa10241-MAA
X-Cache: MISS
X-Cache-Hits: 0
X-Timer: S1763105600.828800,VS0,VE695
Vary: Authorization,Accept-Encoding
Access-Control-Allow-Origin: *
Cross-Origin-Resource-Policy: cross-origin
X-Fastly-Request-ID: 01a7fd5cb18185ee5f38566a7ae27873eb3d3e9e
Expires: Fri, 14 Nov 2025 07:38:20 GMT
Source-Age: 0

]
[2025-11-14 13:03:24,469: INFO: main: >>>>> stage Data ingestion stage completed <<<<<]
[2025-11-14 13:03:24,471: INFO: main: >>>>> Data Validation stage started <<<<<]
[2025-11-14 13:03:24,478: INFO: common: yaml file: config\config.yaml loaded successfully]
[2025-11-14 13:03:24,501: INFO: common: yaml file: params.yaml loaded successfully]
[2025-11-14 13:03:24,508: INFO: common: created directory at: artifacts]
[2025-11-14 13:03:24,521: INFO: common: created directory at: artifacts/data_validation]
[2025-11-14 13:03:24,538: INFO: main: >>>>> stage Data Validation stage completed <<<<<]
[2025-11-14 13:03:24,548: INFO: main: >>>>> Data Validation stage started <<<<<]
[2025-11-14 13:03:24,555: INFO: common: yaml file: config\config.yaml loaded successfully]
[2025-11-14 13:03:24,572: INFO: common: yaml file: params.yaml loaded successfully]
[2025-11-14 13:03:24,587: INFO: common: created directory at: artifacts]
[2025-11-14 13:03:24,600: INFO: common: created directory at: artifacts/data_transformation]
[2025-11-14 13:04:01,549: INFO: main: >>>>> stage Data Validation stage completed <<<<<]
[2025-11-14 13:08:34,163: INFO: config: PyTorch version 2.9.1+cpu available.]
[2025-11-14 13:08:35,218: INFO: main: >>>>> Data ingestion stage started <<<<<]
[2025-11-14 13:08:35,221: INFO: common: yaml file: config\config.yaml loaded successfully]
[2025-11-14 13:08:35,224: INFO: common: yaml file: params.yaml loaded successfully]
[2025-11-14 13:08:35,225: INFO: common: created directory at: artifacts]
[2025-11-14 13:08:35,227: INFO: common: created directory at: artifacts/data_ingestion]
[2025-11-14 13:08:42,675: INFO: data_ingestion: artifacts/data_ingestion/data.zip download! with following info: 
Connection: close
Content-Length: 7903594
Cache-Control: max-age=300
Content-Security-Policy: default-src 'none'; style-src 'unsafe-inline'; sandbox
Content-Type: application/zip
ETag: "dbc016a060da18070593b83afff580c9b300f0b6ea4147a7988433e04df246ca"
Strict-Transport-Security: max-age=31536000
X-Content-Type-Options: nosniff
X-Frame-Options: deny
X-XSS-Protection: 1; mode=block
X-GitHub-Request-Id: 9513:E4DA9:21FE64:508298:6916DB3F
Accept-Ranges: bytes
Date: Fri, 14 Nov 2025 07:38:36 GMT
Via: 1.1 varnish
X-Served-By: cache-maa10225-MAA
X-Cache: HIT
X-Cache-Hits: 0
X-Timer: S1763105916.851507,VS0,VE232
Vary: Authorization,Accept-Encoding
Access-Control-Allow-Origin: *
Cross-Origin-Resource-Policy: cross-origin
X-Fastly-Request-ID: 5e4adf19bc1667cf260e2bdde74fdba71427a26c
Expires: Fri, 14 Nov 2025 07:43:36 GMT
Source-Age: 0

]
[2025-11-14 13:08:42,927: INFO: main: >>>>> stage Data ingestion stage completed <<<<<]
[2025-11-14 13:08:42,928: INFO: main: >>>>> Data Validation stage started <<<<<]
[2025-11-14 13:08:42,934: INFO: common: yaml file: config\config.yaml loaded successfully]
[2025-11-14 13:08:42,938: INFO: common: yaml file: params.yaml loaded successfully]
[2025-11-14 13:08:42,940: INFO: common: created directory at: artifacts]
[2025-11-14 13:08:42,941: INFO: common: created directory at: artifacts/data_validation]
[2025-11-14 13:08:42,946: INFO: main: >>>>> stage Data Validation stage completed <<<<<]
[2025-11-14 13:08:42,947: INFO: main: >>>>> Data Validation stage started <<<<<]
[2025-11-14 13:08:42,952: INFO: common: yaml file: config\config.yaml loaded successfully]
[2025-11-14 13:08:42,957: INFO: common: yaml file: params.yaml loaded successfully]
[2025-11-14 13:08:42,959: INFO: common: created directory at: artifacts]
[2025-11-14 13:08:42,961: INFO: common: created directory at: artifacts/data_transformation]
[2025-11-14 13:08:59,501: INFO: main: >>>>> stage Data Validation stage completed <<<<<]
[2025-11-14 13:08:59,502: INFO: main: >>>>> Model Training stage started <<<<<]
[2025-11-14 13:08:59,505: INFO: common: yaml file: config\config.yaml loaded successfully]
[2025-11-14 13:08:59,508: INFO: common: yaml file: params.yaml loaded successfully]
[2025-11-14 13:08:59,510: INFO: common: created directory at: artifacts]
[2025-11-14 13:08:59,511: INFO: common: created directory at: artifacts/model_trainer]
[2025-11-14 13:09:01,120: WARNING: file_download: Xet Storage is enabled for this repo, but the 'hf_xet' package is not installed. Falling back to regular HTTP download. For better performance, install the package with: `pip install huggingface_hub[hf_xet]` or `pip install hf_xet`]
[2025-11-14 13:19:51,433: INFO: main: >>>>> stage Model Training stage completed <<<<<]
[2025-11-14 13:25:47,575: INFO: config: PyTorch version 2.9.1+cpu available.]
[2025-11-14 13:25:48,898: INFO: main: >>>>> Data ingestion stage started <<<<<]
[2025-11-14 13:25:48,909: INFO: common: yaml file: config\config.yaml loaded successfully]
[2025-11-14 13:25:48,916: INFO: common: yaml file: params.yaml loaded successfully]
[2025-11-14 13:25:48,918: INFO: common: created directory at: artifacts]
[2025-11-14 13:25:48,921: INFO: common: created directory at: artifacts/data_ingestion]
[2025-11-14 13:25:51,519: INFO: data_ingestion: artifacts/data_ingestion/data.zip download! with following info: 
Connection: close
Content-Length: 7903594
Cache-Control: max-age=300
Content-Security-Policy: default-src 'none'; style-src 'unsafe-inline'; sandbox
Content-Type: application/zip
ETag: "dbc016a060da18070593b83afff580c9b300f0b6ea4147a7988433e04df246ca"
Strict-Transport-Security: max-age=31536000
X-Content-Type-Options: nosniff
X-Frame-Options: deny
X-XSS-Protection: 1; mode=block
X-GitHub-Request-Id: 9513:E4DA9:21FE64:508298:6916DB3F
Accept-Ranges: bytes
Date: Fri, 14 Nov 2025 07:55:49 GMT
Via: 1.1 varnish
X-Served-By: cache-maa10234-MAA
X-Cache: HIT
X-Cache-Hits: 0
X-Timer: S1763106949.306840,VS0,VE232
Vary: Authorization,Accept-Encoding
Access-Control-Allow-Origin: *
Cross-Origin-Resource-Policy: cross-origin
X-Fastly-Request-ID: be91269774c706ece1325e0900cce1bc566e528c
Expires: Fri, 14 Nov 2025 08:00:49 GMT
Source-Age: 0

]
[2025-11-14 13:25:51,828: INFO: main: >>>>> stage Data ingestion stage completed <<<<<]
[2025-11-14 13:25:51,829: INFO: main: >>>>> Data Validation stage started <<<<<]
[2025-11-14 13:25:51,836: INFO: common: yaml file: config\config.yaml loaded successfully]
[2025-11-14 13:25:51,841: INFO: common: yaml file: params.yaml loaded successfully]
[2025-11-14 13:25:51,843: INFO: common: created directory at: artifacts]
[2025-11-14 13:25:51,844: INFO: common: created directory at: artifacts/data_validation]
[2025-11-14 13:25:51,849: INFO: main: >>>>> stage Data Validation stage completed <<<<<]
[2025-11-14 13:25:51,850: INFO: main: >>>>> Data Validation stage started <<<<<]
[2025-11-14 13:25:51,861: INFO: common: yaml file: config\config.yaml loaded successfully]
[2025-11-14 13:25:51,865: INFO: common: yaml file: params.yaml loaded successfully]
[2025-11-14 13:25:51,866: INFO: common: created directory at: artifacts]
[2025-11-14 13:25:51,867: INFO: common: created directory at: artifacts/data_transformation]
[2025-11-14 13:26:10,954: INFO: main: >>>>> stage Data Validation stage completed <<<<<]
[2025-11-14 13:26:10,955: INFO: main: >>>>> Model Training stage started <<<<<]
[2025-11-14 13:26:10,960: INFO: common: yaml file: config\config.yaml loaded successfully]
[2025-11-14 13:26:10,965: INFO: common: yaml file: params.yaml loaded successfully]
[2025-11-14 13:26:10,966: INFO: common: created directory at: artifacts]
[2025-11-14 13:26:10,967: INFO: common: created directory at: artifacts/model_trainer]
[2025-11-14 14:12:47,821: INFO: main: >>>>> stage Model Training stage completed <<<<<]
[2025-11-14 15:16:48,757: INFO: config: PyTorch version 2.9.1+cpu available.]
[2025-11-14 15:24:06,263: INFO: common: yaml file: config\config.yaml loaded successfully]
[2025-11-14 15:24:06,276: INFO: common: yaml file: params.yaml loaded successfully]
[2025-11-14 15:24:06,280: INFO: common: created directory at: artifacts]
[2025-11-14 15:24:06,298: INFO: common: created directory at: artifacts/model_evaluation]
[2025-11-14 15:25:57,457: INFO: rouge_scorer: Using default tokenizer.]
[2025-11-14 15:27:41,164: INFO: common: yaml file: config\config.yaml loaded successfully]
[2025-11-14 15:27:41,169: INFO: common: yaml file: params.yaml loaded successfully]
[2025-11-14 15:27:41,172: INFO: common: created directory at: artifacts]
[2025-11-14 15:27:41,175: INFO: common: created directory at: artifacts/model_evaluation]
[2025-11-14 15:29:10,087: INFO: rouge_scorer: Using default tokenizer.]
[2025-11-14 15:41:18,216: INFO: config: PyTorch version 2.9.1+cpu available.]
[2025-11-14 15:41:21,409: ERROR: main: 'Logger' object has no attribute 'infor']
Traceback (most recent call last):
  File "D:\End_to_End\textsummarisation\main.py", line 13, in <module>
    logger.infor(f"*************")
    ^^^^^^^^^^^^
AttributeError: 'Logger' object has no attribute 'infor'. Did you mean: 'info'?
[2025-11-14 15:41:54,232: INFO: config: PyTorch version 2.9.1+cpu available.]
[2025-11-14 15:41:57,088: INFO: main: *************]
[2025-11-14 15:41:57,089: INFO: main: >>>>> Data ingestion stage started <<<<<]
[2025-11-14 15:41:57,092: INFO: common: yaml file: config\config.yaml loaded successfully]
[2025-11-14 15:41:57,093: INFO: common: yaml file: params.yaml loaded successfully]
[2025-11-14 15:41:57,094: INFO: common: created directory at: artifacts]
[2025-11-14 15:41:57,095: INFO: common: created directory at: artifacts/data_ingestion]
[2025-11-14 15:42:05,584: INFO: data_ingestion: artifacts/data_ingestion/data.zip download! with following info: 
Connection: close
Content-Length: 7903594
Cache-Control: max-age=300
Content-Security-Policy: default-src 'none'; style-src 'unsafe-inline'; sandbox
Content-Type: application/zip
ETag: "dbc016a060da18070593b83afff580c9b300f0b6ea4147a7988433e04df246ca"
Strict-Transport-Security: max-age=31536000
X-Content-Type-Options: nosniff
X-Frame-Options: deny
X-XSS-Protection: 1; mode=block
X-GitHub-Request-Id: BA99:31523E:156F5:257E4:6917006D
Accept-Ranges: bytes
Date: Fri, 14 Nov 2025 10:11:58 GMT
Via: 1.1 varnish
X-Served-By: cache-maa10246-MAA
X-Cache: MISS
X-Cache-Hits: 0
X-Timer: S1763115117.476306,VS0,VE561
Vary: Authorization,Accept-Encoding
Access-Control-Allow-Origin: *
Cross-Origin-Resource-Policy: cross-origin
X-Fastly-Request-ID: c75ba0cc1d5c013dd4a62e2fdd6a6d983ca38ee5
Expires: Fri, 14 Nov 2025 10:16:58 GMT
Source-Age: 0

]
[2025-11-14 15:42:05,717: INFO: main: >>>>> stage Data ingestion stage completed <<<<<

x===========]
[2025-11-14 15:42:05,718: INFO: main: *************]
[2025-11-14 15:42:05,718: INFO: main: >>>>> Data Validation stage started <<<<<]
[2025-11-14 15:42:05,721: INFO: common: yaml file: config\config.yaml loaded successfully]
[2025-11-14 15:42:05,723: INFO: common: yaml file: params.yaml loaded successfully]
[2025-11-14 15:42:05,723: INFO: common: created directory at: artifacts]
[2025-11-14 15:42:05,725: INFO: common: created directory at: artifacts/data_validation]
[2025-11-14 15:42:05,728: INFO: main: >>>>> stage Data Validation stage completed <<<<<

x===========]
[2025-11-14 15:42:05,728: INFO: main: *************]
[2025-11-14 15:42:05,729: INFO: main: >>>>> Data Validation stage started <<<<<]
[2025-11-14 15:42:05,732: INFO: common: yaml file: config\config.yaml loaded successfully]
[2025-11-14 15:42:05,734: INFO: common: yaml file: params.yaml loaded successfully]
[2025-11-14 15:42:05,735: INFO: common: created directory at: artifacts]
[2025-11-14 15:42:05,735: INFO: common: created directory at: artifacts/data_transformation]
[2025-11-14 15:42:16,460: INFO: main: >>>>> stage Data Validation stage completed <<<<<

x===========]
[2025-11-14 15:42:16,461: INFO: main: *************]
[2025-11-14 15:42:16,461: INFO: main: >>>>> Model Training stage started <<<<<]
[2025-11-14 15:42:16,464: INFO: common: yaml file: config\config.yaml loaded successfully]
[2025-11-14 15:42:16,466: INFO: common: yaml file: params.yaml loaded successfully]
[2025-11-14 15:42:16,467: INFO: common: created directory at: artifacts]
[2025-11-14 15:42:16,467: INFO: common: created directory at: artifacts/model_trainer]
[2025-11-14 16:10:40,617: INFO: main: >>>>> stage Model Training stage completed <<<<<

x===========]
[2025-11-14 16:10:40,626: INFO: main: *************]
[2025-11-14 16:10:40,626: INFO: main: >>>>> Model Evaluation stage started <<<<<]
[2025-11-14 16:10:40,648: INFO: common: yaml file: config\config.yaml loaded successfully]
[2025-11-14 16:10:40,655: INFO: common: yaml file: params.yaml loaded successfully]
[2025-11-14 16:10:40,658: INFO: common: created directory at: artifacts]
[2025-11-14 16:10:40,659: INFO: common: created directory at: artifacts/model_trainer]
[2025-11-14 16:39:27,522: INFO: main: >>>>> stage Model Evaluation stage completed <<<<<

x===========]
[2025-11-14 17:06:18,905: INFO: server: Started server process [23372]]
[2025-11-14 17:06:18,910: INFO: on: Waiting for application startup.]
[2025-11-14 17:06:18,912: INFO: on: Application startup complete.]
[2025-11-14 17:06:18,913: INFO: server: Uvicorn running on http://0.0.0.0:8080 (Press CTRL+C to quit)]
[2025-11-14 17:10:09,579: INFO: config: PyTorch version 2.9.1+cpu available.]
[2025-11-14 17:10:14,129: INFO: main: *************]
[2025-11-14 17:10:14,130: INFO: main: >>>>> Data ingestion stage started <<<<<]
[2025-11-14 17:10:14,133: INFO: common: yaml file: config\config.yaml loaded successfully]
[2025-11-14 17:10:14,136: INFO: common: yaml file: params.yaml loaded successfully]
[2025-11-14 17:10:14,137: INFO: common: created directory at: artifacts]
[2025-11-14 17:10:14,138: INFO: common: created directory at: artifacts/data_ingestion]
[2025-11-14 17:10:19,965: INFO: data_ingestion: artifacts/data_ingestion/data.zip download! with following info: 
Connection: close
Content-Length: 7903594
Cache-Control: max-age=300
Content-Security-Policy: default-src 'none'; style-src 'unsafe-inline'; sandbox
Content-Type: application/zip
ETag: "dbc016a060da18070593b83afff580c9b300f0b6ea4147a7988433e04df246ca"
Strict-Transport-Security: max-age=31536000
X-Content-Type-Options: nosniff
X-Frame-Options: deny
X-XSS-Protection: 1; mode=block
X-GitHub-Request-Id: 6200:2BF28C:3D1A3:67A4B:6917151E
Accept-Ranges: bytes
Date: Fri, 14 Nov 2025 11:40:15 GMT
Via: 1.1 varnish
X-Served-By: cache-maa10228-MAA
X-Cache: MISS
X-Cache-Hits: 0
X-Timer: S1763120415.849433,VS0,VE652
Vary: Authorization,Accept-Encoding
Access-Control-Allow-Origin: *
Cross-Origin-Resource-Policy: cross-origin
X-Fastly-Request-ID: 632a639d230144eb48618627bf43c198de3d5950
Expires: Fri, 14 Nov 2025 11:45:15 GMT
Source-Age: 0

]
[2025-11-14 17:10:20,160: INFO: main: >>>>> stage Data ingestion stage completed <<<<<

x===========]
[2025-11-14 17:10:20,161: INFO: main: *************]
[2025-11-14 17:10:20,161: INFO: main: >>>>> Data Validation stage started <<<<<]
[2025-11-14 17:10:20,167: INFO: common: yaml file: config\config.yaml loaded successfully]
[2025-11-14 17:10:20,171: INFO: common: yaml file: params.yaml loaded successfully]
[2025-11-14 17:10:20,174: INFO: common: created directory at: artifacts]
[2025-11-14 17:10:20,176: INFO: common: created directory at: artifacts/data_validation]
[2025-11-14 17:10:20,180: INFO: main: >>>>> stage Data Validation stage completed <<<<<

x===========]
[2025-11-14 17:10:20,181: INFO: main: *************]
[2025-11-14 17:10:20,181: INFO: main: >>>>> Data Validation stage started <<<<<]
[2025-11-14 17:10:20,184: INFO: common: yaml file: config\config.yaml loaded successfully]
[2025-11-14 17:10:20,187: INFO: common: yaml file: params.yaml loaded successfully]
[2025-11-14 17:10:20,188: INFO: common: created directory at: artifacts]
[2025-11-14 17:10:20,190: INFO: common: created directory at: artifacts/data_transformation]
[2025-11-14 17:10:31,929: INFO: main: >>>>> stage Data Validation stage completed <<<<<

x===========]
[2025-11-14 17:10:31,929: INFO: main: *************]
[2025-11-14 17:10:31,930: INFO: main: >>>>> Model Training stage started <<<<<]
[2025-11-14 17:10:31,933: INFO: common: yaml file: config\config.yaml loaded successfully]
[2025-11-14 17:10:31,936: INFO: common: yaml file: params.yaml loaded successfully]
[2025-11-14 17:10:31,939: INFO: common: created directory at: artifacts]
[2025-11-14 17:10:31,940: INFO: common: created directory at: artifacts/model_trainer]
[2025-11-14 17:48:12,230: INFO: main: >>>>> stage Model Training stage completed <<<<<

x===========]
[2025-11-14 17:48:12,240: INFO: main: *************]
[2025-11-14 17:48:12,241: INFO: main: >>>>> Model Evaluation stage started <<<<<]
[2025-11-14 17:48:12,270: INFO: common: yaml file: config\config.yaml loaded successfully]
[2025-11-14 17:48:12,278: INFO: common: yaml file: params.yaml loaded successfully]
[2025-11-14 17:48:12,282: INFO: common: created directory at: artifacts]
[2025-11-14 17:48:12,284: INFO: common: created directory at: artifacts/model_trainer]
[2025-11-14 18:32:57,573: INFO: main: >>>>> stage Model Evaluation stage completed <<<<<

x===========]
[2025-11-14 18:50:41,459: INFO: common: yaml file: config\config.yaml loaded successfully]
[2025-11-14 18:50:41,493: INFO: common: yaml file: params.yaml loaded successfully]
[2025-11-14 18:50:41,502: INFO: common: created directory at: artifacts]
[2025-11-14 18:50:41,505: INFO: common: created directory at: artifacts/model_evaluation]
[2025-11-14 18:50:42,564: ERROR: h11_impl: Exception in ASGI application
]
Traceback (most recent call last):
  File "D:\End_to_End\textsummarisation\venv\Lib\site-packages\uvicorn\protocols\http\h11_impl.py", line 404, in run_asgi
    result = await app(  # type: ignore[func-returns-value]
             ^^^^^^^^^^^^^^^^^^^^^^^^^^^^^^^^^^^^^^^^^^^^^^
        self.scope, self.receive, self.send
        ^^^^^^^^^^^^^^^^^^^^^^^^^^^^^^^^^^^
    )
    ^
  File "D:\End_to_End\textsummarisation\venv\Lib\site-packages\uvicorn\middleware\proxy_headers.py", line 78, in __call__
    return await self.app(scope, receive, send)
           ^^^^^^^^^^^^^^^^^^^^^^^^^^^^^^^^^^^^
  File "D:\End_to_End\textsummarisation\venv\Lib\site-packages\fastapi\applications.py", line 269, in __call__
    await super().__call__(scope, receive, send)
  File "D:\End_to_End\textsummarisation\venv\Lib\site-packages\starlette\applications.py", line 124, in __call__
    await self.middleware_stack(scope, receive, send)
  File "D:\End_to_End\textsummarisation\venv\Lib\site-packages\starlette\middleware\errors.py", line 184, in __call__
    raise exc
  File "D:\End_to_End\textsummarisation\venv\Lib\site-packages\starlette\middleware\errors.py", line 162, in __call__
    await self.app(scope, receive, _send)
  File "D:\End_to_End\textsummarisation\venv\Lib\site-packages\starlette\exceptions.py", line 93, in __call__
    raise exc
  File "D:\End_to_End\textsummarisation\venv\Lib\site-packages\starlette\exceptions.py", line 82, in __call__
    await self.app(scope, receive, sender)
  File "D:\End_to_End\textsummarisation\venv\Lib\site-packages\fastapi\middleware\asyncexitstack.py", line 21, in __call__
    raise e
  File "D:\End_to_End\textsummarisation\venv\Lib\site-packages\fastapi\middleware\asyncexitstack.py", line 18, in __call__
    await self.app(scope, receive, send)
  File "D:\End_to_End\textsummarisation\venv\Lib\site-packages\starlette\routing.py", line 670, in __call__
    await route.handle(scope, receive, send)
  File "D:\End_to_End\textsummarisation\venv\Lib\site-packages\starlette\routing.py", line 266, in handle
    await self.app(scope, receive, send)
  File "D:\End_to_End\textsummarisation\venv\Lib\site-packages\starlette\routing.py", line 65, in app
    response = await func(request)
               ^^^^^^^^^^^^^^^^^^^
  File "D:\End_to_End\textsummarisation\venv\Lib\site-packages\fastapi\routing.py", line 227, in app
    raw_response = await run_endpoint_function(
                   ^^^^^^^^^^^^^^^^^^^^^^^^^^^^
        dependant=dependant, values=values, is_coroutine=is_coroutine
        ^^^^^^^^^^^^^^^^^^^^^^^^^^^^^^^^^^^^^^^^^^^^^^^^^^^^^^^^^^^^^
    )
    ^
  File "D:\End_to_End\textsummarisation\venv\Lib\site-packages\fastapi\routing.py", line 160, in run_endpoint_function
    return await dependant.call(**values)
           ^^^^^^^^^^^^^^^^^^^^^^^^^^^^^^
  File "D:\End_to_End\textsummarisation\app.py", line 35, in prediction_route
    raise e
  File "D:\End_to_End\textsummarisation\app.py", line 32, in prediction_route
    text=obj.predict(text)
  File "D:\End_to_End\textsummarisation\src\textSummarizer\pipeline\prediction.py", line 13, in predict
    pipe=pipeline("summarization",model=self.config.data_path, tokenizer=tokenizer)
  File "D:\End_to_End\textsummarisation\venv\Lib\site-packages\transformers\pipelines\__init__.py", line 896, in pipeline
    framework, model = infer_framework_load_model(
                       ~~~~~~~~~~~~~~~~~~~~~~~~~~^
        model,
        ^^^^^^
    ...<5 lines>...
        **model_kwargs,
        ^^^^^^^^^^^^^^^
    )
    ^
  File "D:\End_to_End\textsummarisation\venv\Lib\site-packages\transformers\pipelines\base.py", line 301, in infer_framework_load_model
    raise ValueError(
        f"Could not load model {model} with any of the following classes: {class_tuple}. See the original errors:\n\n{error}\n"
    )
ValueError: Could not load model artifacts/data_transformation/samsum_dataset with any of the following classes: (<class 'transformers.models.auto.modeling_auto.AutoModelForSeq2SeqLM'>,). See the original errors:

while loading with AutoModelForSeq2SeqLM, an error is thrown:
Traceback (most recent call last):
  File "D:\End_to_End\textsummarisation\venv\Lib\site-packages\transformers\pipelines\base.py", line 288, in infer_framework_load_model
    model = model_class.from_pretrained(model, **kwargs)
  File "D:\End_to_End\textsummarisation\venv\Lib\site-packages\transformers\models\auto\auto_factory.py", line 567, in from_pretrained
    raise ValueError(
    ...<2 lines>...
    )
ValueError: Unrecognized configuration class <class 'transformers.models.sam.configuration_sam.SamConfig'> for this kind of AutoModel: AutoModelForSeq2SeqLM.
Model type should be one of BartConfig, BigBirdPegasusConfig, BlenderbotConfig, BlenderbotSmallConfig, EncoderDecoderConfig, FSMTConfig, GPTSanJapaneseConfig, LEDConfig, LongT5Config, M2M100Config, MarianConfig, MBartConfig, MT5Config, MvpConfig, NllbMoeConfig, PegasusConfig, PegasusXConfig, PLBartConfig, ProphetNetConfig, Qwen2AudioConfig, SeamlessM4TConfig, SeamlessM4Tv2Config, SwitchTransformersConfig, T5Config, UMT5Config, XLMProphetNetConfig.



[2025-11-14 18:51:19,994: INFO: config: PyTorch version 2.9.1+cpu available.]
[2025-11-14 18:51:41,917: INFO: common: yaml file: config\config.yaml loaded successfully]
[2025-11-14 18:51:41,920: INFO: common: yaml file: params.yaml loaded successfully]
[2025-11-14 18:51:41,923: INFO: common: created directory at: artifacts]
[2025-11-14 18:51:41,924: INFO: common: created directory at: artifacts/model_evaluation]
[2025-11-14 18:51:42,072: ERROR: h11_impl: Exception in ASGI application
]
Traceback (most recent call last):
  File "D:\End_to_End\textsummarisation\venv\Lib\site-packages\uvicorn\protocols\http\h11_impl.py", line 404, in run_asgi
    result = await app(  # type: ignore[func-returns-value]
             ^^^^^^^^^^^^^^^^^^^^^^^^^^^^^^^^^^^^^^^^^^^^^^
        self.scope, self.receive, self.send
        ^^^^^^^^^^^^^^^^^^^^^^^^^^^^^^^^^^^
    )
    ^
  File "D:\End_to_End\textsummarisation\venv\Lib\site-packages\uvicorn\middleware\proxy_headers.py", line 78, in __call__
    return await self.app(scope, receive, send)
           ^^^^^^^^^^^^^^^^^^^^^^^^^^^^^^^^^^^^
  File "D:\End_to_End\textsummarisation\venv\Lib\site-packages\fastapi\applications.py", line 269, in __call__
    await super().__call__(scope, receive, send)
  File "D:\End_to_End\textsummarisation\venv\Lib\site-packages\starlette\applications.py", line 124, in __call__
    await self.middleware_stack(scope, receive, send)
  File "D:\End_to_End\textsummarisation\venv\Lib\site-packages\starlette\middleware\errors.py", line 184, in __call__
    raise exc
  File "D:\End_to_End\textsummarisation\venv\Lib\site-packages\starlette\middleware\errors.py", line 162, in __call__
    await self.app(scope, receive, _send)
  File "D:\End_to_End\textsummarisation\venv\Lib\site-packages\starlette\exceptions.py", line 93, in __call__
    raise exc
  File "D:\End_to_End\textsummarisation\venv\Lib\site-packages\starlette\exceptions.py", line 82, in __call__
    await self.app(scope, receive, sender)
  File "D:\End_to_End\textsummarisation\venv\Lib\site-packages\fastapi\middleware\asyncexitstack.py", line 21, in __call__
    raise e
  File "D:\End_to_End\textsummarisation\venv\Lib\site-packages\fastapi\middleware\asyncexitstack.py", line 18, in __call__
    await self.app(scope, receive, send)
  File "D:\End_to_End\textsummarisation\venv\Lib\site-packages\starlette\routing.py", line 670, in __call__
    await route.handle(scope, receive, send)
  File "D:\End_to_End\textsummarisation\venv\Lib\site-packages\starlette\routing.py", line 266, in handle
    await self.app(scope, receive, send)
  File "D:\End_to_End\textsummarisation\venv\Lib\site-packages\starlette\routing.py", line 65, in app
    response = await func(request)
               ^^^^^^^^^^^^^^^^^^^
  File "D:\End_to_End\textsummarisation\venv\Lib\site-packages\fastapi\routing.py", line 227, in app
    raw_response = await run_endpoint_function(
                   ^^^^^^^^^^^^^^^^^^^^^^^^^^^^
        dependant=dependant, values=values, is_coroutine=is_coroutine
        ^^^^^^^^^^^^^^^^^^^^^^^^^^^^^^^^^^^^^^^^^^^^^^^^^^^^^^^^^^^^^
    )
    ^
  File "D:\End_to_End\textsummarisation\venv\Lib\site-packages\fastapi\routing.py", line 160, in run_endpoint_function
    return await dependant.call(**values)
           ^^^^^^^^^^^^^^^^^^^^^^^^^^^^^^
  File "D:\End_to_End\textsummarisation\app.py", line 35, in prediction_route
    raise e
  File "D:\End_to_End\textsummarisation\app.py", line 32, in prediction_route
    text=obj.predict(text)
  File "D:\End_to_End\textsummarisation\src\textSummarizer\pipeline\prediction.py", line 13, in predict
    pipe=pipeline("summarization",model=self.config.data_path, tokenizer=tokenizer)
  File "D:\End_to_End\textsummarisation\venv\Lib\site-packages\transformers\pipelines\__init__.py", line 896, in pipeline
    framework, model = infer_framework_load_model(
                       ~~~~~~~~~~~~~~~~~~~~~~~~~~^
        model,
        ^^^^^^
    ...<5 lines>...
        **model_kwargs,
        ^^^^^^^^^^^^^^^
    )
    ^
  File "D:\End_to_End\textsummarisation\venv\Lib\site-packages\transformers\pipelines\base.py", line 301, in infer_framework_load_model
    raise ValueError(
        f"Could not load model {model} with any of the following classes: {class_tuple}. See the original errors:\n\n{error}\n"
    )
ValueError: Could not load model artifacts/data_transformation/samsum_dataset with any of the following classes: (<class 'transformers.models.auto.modeling_auto.AutoModelForSeq2SeqLM'>,). See the original errors:

while loading with AutoModelForSeq2SeqLM, an error is thrown:
Traceback (most recent call last):
  File "D:\End_to_End\textsummarisation\venv\Lib\site-packages\transformers\pipelines\base.py", line 288, in infer_framework_load_model
    model = model_class.from_pretrained(model, **kwargs)
  File "D:\End_to_End\textsummarisation\venv\Lib\site-packages\transformers\models\auto\auto_factory.py", line 567, in from_pretrained
    raise ValueError(
    ...<2 lines>...
    )
ValueError: Unrecognized configuration class <class 'transformers.models.sam.configuration_sam.SamConfig'> for this kind of AutoModel: AutoModelForSeq2SeqLM.
Model type should be one of BartConfig, BigBirdPegasusConfig, BlenderbotConfig, BlenderbotSmallConfig, EncoderDecoderConfig, FSMTConfig, GPTSanJapaneseConfig, LEDConfig, LongT5Config, M2M100Config, MarianConfig, MBartConfig, MT5Config, MvpConfig, NllbMoeConfig, PegasusConfig, PegasusXConfig, PLBartConfig, ProphetNetConfig, Qwen2AudioConfig, SeamlessM4TConfig, SeamlessM4Tv2Config, SwitchTransformersConfig, T5Config, UMT5Config, XLMProphetNetConfig.



[2025-11-14 18:52:21,094: INFO: common: yaml file: config\config.yaml loaded successfully]
[2025-11-14 18:52:21,099: INFO: common: yaml file: params.yaml loaded successfully]
[2025-11-14 18:52:21,100: INFO: common: created directory at: artifacts]
[2025-11-14 18:52:21,101: INFO: common: created directory at: artifacts/model_evaluation]
[2025-11-14 18:52:21,200: ERROR: h11_impl: Exception in ASGI application
]
Traceback (most recent call last):
  File "D:\End_to_End\textsummarisation\venv\Lib\site-packages\uvicorn\protocols\http\h11_impl.py", line 404, in run_asgi
    result = await app(  # type: ignore[func-returns-value]
             ^^^^^^^^^^^^^^^^^^^^^^^^^^^^^^^^^^^^^^^^^^^^^^
        self.scope, self.receive, self.send
        ^^^^^^^^^^^^^^^^^^^^^^^^^^^^^^^^^^^
    )
    ^
  File "D:\End_to_End\textsummarisation\venv\Lib\site-packages\uvicorn\middleware\proxy_headers.py", line 78, in __call__
    return await self.app(scope, receive, send)
           ^^^^^^^^^^^^^^^^^^^^^^^^^^^^^^^^^^^^
  File "D:\End_to_End\textsummarisation\venv\Lib\site-packages\fastapi\applications.py", line 269, in __call__
    await super().__call__(scope, receive, send)
  File "D:\End_to_End\textsummarisation\venv\Lib\site-packages\starlette\applications.py", line 124, in __call__
    await self.middleware_stack(scope, receive, send)
  File "D:\End_to_End\textsummarisation\venv\Lib\site-packages\starlette\middleware\errors.py", line 184, in __call__
    raise exc
  File "D:\End_to_End\textsummarisation\venv\Lib\site-packages\starlette\middleware\errors.py", line 162, in __call__
    await self.app(scope, receive, _send)
  File "D:\End_to_End\textsummarisation\venv\Lib\site-packages\starlette\exceptions.py", line 93, in __call__
    raise exc
  File "D:\End_to_End\textsummarisation\venv\Lib\site-packages\starlette\exceptions.py", line 82, in __call__
    await self.app(scope, receive, sender)
  File "D:\End_to_End\textsummarisation\venv\Lib\site-packages\fastapi\middleware\asyncexitstack.py", line 21, in __call__
    raise e
  File "D:\End_to_End\textsummarisation\venv\Lib\site-packages\fastapi\middleware\asyncexitstack.py", line 18, in __call__
    await self.app(scope, receive, send)
  File "D:\End_to_End\textsummarisation\venv\Lib\site-packages\starlette\routing.py", line 670, in __call__
    await route.handle(scope, receive, send)
  File "D:\End_to_End\textsummarisation\venv\Lib\site-packages\starlette\routing.py", line 266, in handle
    await self.app(scope, receive, send)
  File "D:\End_to_End\textsummarisation\venv\Lib\site-packages\starlette\routing.py", line 65, in app
    response = await func(request)
               ^^^^^^^^^^^^^^^^^^^
  File "D:\End_to_End\textsummarisation\venv\Lib\site-packages\fastapi\routing.py", line 227, in app
    raw_response = await run_endpoint_function(
                   ^^^^^^^^^^^^^^^^^^^^^^^^^^^^
        dependant=dependant, values=values, is_coroutine=is_coroutine
        ^^^^^^^^^^^^^^^^^^^^^^^^^^^^^^^^^^^^^^^^^^^^^^^^^^^^^^^^^^^^^
    )
    ^
  File "D:\End_to_End\textsummarisation\venv\Lib\site-packages\fastapi\routing.py", line 160, in run_endpoint_function
    return await dependant.call(**values)
           ^^^^^^^^^^^^^^^^^^^^^^^^^^^^^^
  File "D:\End_to_End\textsummarisation\app.py", line 35, in prediction_route
    raise e
  File "D:\End_to_End\textsummarisation\app.py", line 32, in prediction_route
    text=obj.predict(text)
  File "D:\End_to_End\textsummarisation\src\textSummarizer\pipeline\prediction.py", line 13, in predict
    pipe=pipeline("summarization",model=self.config.data_path, tokenizer=tokenizer)
  File "D:\End_to_End\textsummarisation\venv\Lib\site-packages\transformers\pipelines\__init__.py", line 896, in pipeline
    framework, model = infer_framework_load_model(
                       ~~~~~~~~~~~~~~~~~~~~~~~~~~^
        model,
        ^^^^^^
    ...<5 lines>...
        **model_kwargs,
        ^^^^^^^^^^^^^^^
    )
    ^
  File "D:\End_to_End\textsummarisation\venv\Lib\site-packages\transformers\pipelines\base.py", line 301, in infer_framework_load_model
    raise ValueError(
        f"Could not load model {model} with any of the following classes: {class_tuple}. See the original errors:\n\n{error}\n"
    )
ValueError: Could not load model artifacts/data_transformation/samsum_dataset with any of the following classes: (<class 'transformers.models.auto.modeling_auto.AutoModelForSeq2SeqLM'>,). See the original errors:

while loading with AutoModelForSeq2SeqLM, an error is thrown:
Traceback (most recent call last):
  File "D:\End_to_End\textsummarisation\venv\Lib\site-packages\transformers\pipelines\base.py", line 288, in infer_framework_load_model
    model = model_class.from_pretrained(model, **kwargs)
  File "D:\End_to_End\textsummarisation\venv\Lib\site-packages\transformers\models\auto\auto_factory.py", line 567, in from_pretrained
    raise ValueError(
    ...<2 lines>...
    )
ValueError: Unrecognized configuration class <class 'transformers.models.sam.configuration_sam.SamConfig'> for this kind of AutoModel: AutoModelForSeq2SeqLM.
Model type should be one of BartConfig, BigBirdPegasusConfig, BlenderbotConfig, BlenderbotSmallConfig, EncoderDecoderConfig, FSMTConfig, GPTSanJapaneseConfig, LEDConfig, LongT5Config, M2M100Config, MarianConfig, MBartConfig, MT5Config, MvpConfig, NllbMoeConfig, PegasusConfig, PegasusXConfig, PLBartConfig, ProphetNetConfig, Qwen2AudioConfig, SeamlessM4TConfig, SeamlessM4Tv2Config, SwitchTransformersConfig, T5Config, UMT5Config, XLMProphetNetConfig.



[2025-11-14 19:06:11,032: INFO: server: Started server process [1804]]
[2025-11-14 19:06:11,034: INFO: on: Waiting for application startup.]
[2025-11-14 19:06:11,034: INFO: on: Application startup complete.]
[2025-11-14 19:06:11,036: ERROR: server: [Errno 10048] error while attempting to bind on address ('0.0.0.0', 8080): [winerror 10048] only one usage of each socket address (protocol/network address/port) is normally permitted]
[2025-11-14 19:06:11,037: INFO: on: Waiting for application shutdown.]
[2025-11-14 19:06:11,037: INFO: on: Application shutdown complete.]
[2025-11-14 19:08:09,080: INFO: server: Started server process [10408]]
[2025-11-14 19:08:09,081: INFO: on: Waiting for application startup.]
[2025-11-14 19:08:09,081: INFO: on: Application startup complete.]
[2025-11-14 19:08:09,082: ERROR: server: [Errno 10048] error while attempting to bind on address ('0.0.0.0', 8080): [winerror 10048] only one usage of each socket address (protocol/network address/port) is normally permitted]
[2025-11-14 19:08:09,083: INFO: on: Waiting for application shutdown.]
[2025-11-14 19:08:09,083: INFO: on: Application shutdown complete.]
[2025-11-14 19:09:08,944: INFO: server: Started server process [17444]]
[2025-11-14 19:09:08,946: INFO: on: Waiting for application startup.]
[2025-11-14 19:09:08,946: INFO: on: Application startup complete.]
[2025-11-14 19:09:08,947: INFO: server: Uvicorn running on http://0.0.0.0:8080 (Press CTRL+C to quit)]
[2025-11-14 19:10:25,787: INFO: common: yaml file: config\config.yaml loaded successfully]
[2025-11-14 19:10:25,793: INFO: common: yaml file: params.yaml loaded successfully]
[2025-11-14 19:10:25,795: INFO: common: created directory at: artifacts]
[2025-11-14 19:10:25,796: INFO: common: created directory at: artifacts/model_evaluation]
[2025-11-14 19:11:18,862: INFO: common: yaml file: config\config.yaml loaded successfully]
[2025-11-14 19:11:18,865: INFO: common: yaml file: params.yaml loaded successfully]
[2025-11-14 19:11:18,866: INFO: common: created directory at: artifacts]
[2025-11-14 19:11:18,867: INFO: common: created directory at: artifacts/model_evaluation]
[2025-11-14 19:17:40,405: INFO: common: yaml file: config\config.yaml loaded successfully]
[2025-11-14 19:17:40,417: INFO: common: yaml file: params.yaml loaded successfully]
[2025-11-14 19:17:40,422: INFO: common: created directory at: artifacts]
[2025-11-14 19:17:40,423: INFO: common: created directory at: artifacts/model_evaluation]
[2025-11-14 19:17:56,310: INFO: server: Shutting down]
[2025-11-14 19:19:09,826: INFO: server: Finished server process [17444]]
[2025-11-14 19:19:09,959: ERROR: on: Traceback (most recent call last):
  File "D:\End_to_End\textsummarisation\venv\Lib\site-packages\starlette\routing.py", line 638, in lifespan
    await receive()
  File "D:\End_to_End\textsummarisation\venv\Lib\site-packages\uvicorn\lifespan\on.py", line 137, in receive
    return await self.receive_queue.get()
           ^^^^^^^^^^^^^^^^^^^^^^^^^^^^^^
  File "C:\Users\DELL\anaconda4\Lib\asyncio\queues.py", line 186, in get
    await getter
asyncio.exceptions.CancelledError
]
[2025-11-14 19:19:35,331: INFO: server: Started server process [17628]]
[2025-11-14 19:19:35,332: INFO: on: Waiting for application startup.]
[2025-11-14 19:19:35,333: INFO: on: Application startup complete.]
[2025-11-14 19:19:35,333: INFO: server: Uvicorn running on http://0.0.0.0:8080 (Press CTRL+C to quit)]
[2025-11-14 19:21:05,660: INFO: common: yaml file: config\config.yaml loaded successfully]
[2025-11-14 19:21:05,666: INFO: common: yaml file: params.yaml loaded successfully]
[2025-11-14 19:21:05,668: INFO: common: created directory at: artifacts]
[2025-11-14 19:21:05,669: INFO: common: created directory at: artifacts/model_evaluation]
[2025-11-14 19:21:26,341: INFO: common: yaml file: config\config.yaml loaded successfully]
[2025-11-14 19:21:26,345: INFO: common: yaml file: params.yaml loaded successfully]
[2025-11-14 19:21:26,346: INFO: common: created directory at: artifacts]
[2025-11-14 19:21:26,346: INFO: common: created directory at: artifacts/model_evaluation]
[2025-11-14 19:24:05,944: INFO: server: Shutting down]
[2025-11-14 19:24:06,062: INFO: on: Waiting for application shutdown.]
[2025-11-14 19:24:06,070: INFO: on: Application shutdown complete.]
[2025-11-14 19:24:06,072: INFO: server: Finished server process [17628]]
[2025-11-14 19:24:18,284: INFO: server: Started server process [21584]]
[2025-11-14 19:24:18,286: INFO: on: Waiting for application startup.]
[2025-11-14 19:24:18,287: INFO: on: Application startup complete.]
[2025-11-14 19:24:18,289: INFO: server: Uvicorn running on http://0.0.0.0:8080 (Press CTRL+C to quit)]
[2025-11-14 19:24:38,255: INFO: common: yaml file: config\config.yaml loaded successfully]
[2025-11-14 19:24:38,258: INFO: common: yaml file: params.yaml loaded successfully]
[2025-11-14 19:24:38,260: INFO: common: created directory at: artifacts]
[2025-11-14 19:24:38,260: INFO: common: created directory at: artifacts/model_evaluation]
[2025-11-14 19:25:35,166: INFO: common: yaml file: config\config.yaml loaded successfully]
[2025-11-14 19:25:35,172: INFO: common: yaml file: params.yaml loaded successfully]
[2025-11-14 19:25:35,174: INFO: common: created directory at: artifacts]
[2025-11-14 19:25:35,175: INFO: common: created directory at: artifacts/model_evaluation]
[2025-11-14 19:30:13,228: INFO: common: yaml file: config\config.yaml loaded successfully]
[2025-11-14 19:30:13,232: INFO: common: yaml file: params.yaml loaded successfully]
[2025-11-14 19:30:13,233: INFO: common: created directory at: artifacts]
[2025-11-14 19:30:13,234: INFO: common: created directory at: artifacts/model_evaluation]
[2025-11-14 19:30:31,171: INFO: server: Shutting down]
[2025-11-14 19:31:17,711: INFO: on: Waiting for application shutdown.]
[2025-11-14 19:31:17,721: INFO: on: Application shutdown complete.]
[2025-11-14 19:31:17,723: INFO: server: Finished server process [21584]]
[2025-11-14 19:31:28,743: INFO: server: Started server process [16864]]
[2025-11-14 19:31:28,744: INFO: on: Waiting for application startup.]
[2025-11-14 19:31:28,745: INFO: on: Application startup complete.]
[2025-11-14 19:31:28,746: INFO: server: Uvicorn running on http://0.0.0.0:8080 (Press CTRL+C to quit)]
[2025-11-14 19:31:49,506: INFO: common: yaml file: config\config.yaml loaded successfully]
[2025-11-14 19:31:49,510: INFO: common: yaml file: params.yaml loaded successfully]
[2025-11-14 19:31:49,511: INFO: common: created directory at: artifacts]
[2025-11-14 19:31:49,513: INFO: common: created directory at: artifacts/model_evaluation]
[2025-11-14 19:32:33,761: INFO: common: yaml file: config\config.yaml loaded successfully]
[2025-11-14 19:32:33,766: INFO: common: yaml file: params.yaml loaded successfully]
[2025-11-14 19:32:33,768: INFO: common: created directory at: artifacts]
[2025-11-14 19:32:33,769: INFO: common: created directory at: artifacts/model_evaluation]
[2025-11-14 19:34:01,218: INFO: server: Shutting down]
[2025-11-14 19:34:01,327: INFO: on: Waiting for application shutdown.]
[2025-11-14 19:34:01,328: INFO: on: Application shutdown complete.]
[2025-11-14 19:34:01,329: INFO: server: Finished server process [16864]]
